<?xml version="1.0" encoding="UTF-8"?>
<testng-results ignored="0" total="1" passed="1" failed="0" skipped="0">
  <reporter-output>
  </reporter-output>
  <suite started-at="2023-12-15T23:20:56 IST" name="Default suite" finished-at="2023-12-15T23:20:56 IST" duration-ms="63">
    <groups>
    </groups>
    <test started-at="2023-12-15T23:20:56 IST" name="Default test" finished-at="2023-12-15T23:20:56 IST" duration-ms="63">
      <class name="PackageOne.BatchRunOneTest">
        <test-method signature="pushBatchRunOneTest()[pri:0, instance:PackageOne.BatchRunOneTest@957e06]" started-at="2023-12-15T23:20:56 IST" name="pushBatchRunOneTest" finished-at="2023-12-15T23:20:56 IST" duration-ms="11" status="PASS">
          <reporter-output>
          </reporter-output>
        </test-method> <!-- pushBatchRunOneTest -->
      </class> <!-- PackageOne.BatchRunOneTest -->
    </test> <!-- Default test -->
  </suite> <!-- Default suite -->
</testng-results>
